<!DOCTYPE html>

<html>
  <head>
  <meta charset='utf-8'>
  <title>TestNG reports</title>

    <link type="text/css" href="testng-reports.css" rel="stylesheet" />
    <script type="text/javascript" src="jquery-1.7.1.min.js"></script>
    <script type="text/javascript" src="testng-reports.js"></script>
    <script type="text/javascript" src="https://www.google.com/jsapi"></script>
    <script type='text/javascript'>
      google.load('visualization', '1', {packages:['table']});
      google.setOnLoadCallback(drawTable);
      var suiteTableInitFunctions = new Array();
      var suiteTableData = new Array();
    </script>
    <!--
      <script type="text/javascript" src="jquery-ui/js/jquery-ui-1.8.16.custom.min.js"></script>
     -->
  </head>

  <body>
    <div class="top-banner-root">
      <span class="top-banner-title-font">Test results</span>
      <br/>
      <span class="top-banner-font-1">1 suite, 2 failed tests</span>
    </div> <!-- top-banner-root -->
    <div class="navigator-root">
      <div class="navigator-suite-header">
        <span>All suites</span>
        <a href="#" class="collapse-all-link" title="Collapse/expand all the suites">
          <img class="collapse-all-icon" src="collapseall.gif">
          </img> <!-- collapse-all-icon -->
        </a> <!-- collapse-all-link -->
      </div> <!-- navigator-suite-header -->
      <div class="suite">
        <div class="rounded-window">
          <div class="suite-header light-rounded-window-top">
            <a href="#" class="navigator-link" panel-name="suite-InetbankingV1">
              <span class="suite-name border-failed">InetbankingV1</span>
            </a> <!-- navigator-link -->
          </div> <!-- suite-header light-rounded-window-top -->
          <div class="navigator-suite-content">
            <div class="suite-section-title">
              <span>Info</span>
            </div> <!-- suite-section-title -->
            <div class="suite-section-content">
              <ul>
                <li>
                  <a href="#" class="navigator-link " panel-name="test-xml-InetbankingV1">
                    <span>F:\PROJECTSTOUPLOADINGIT\.metadata\InetbankingV1\TestNG.xml</span>
                  </a> <!-- navigator-link  -->
                </li>
                <li>
                  <a href="#" class="navigator-link " panel-name="testlist-InetbankingV1">
                    <span class="test-stats">1 test</span>
                  </a> <!-- navigator-link  -->
                </li>
                <li>
                  <a href="#" class="navigator-link " panel-name="group-InetbankingV1">
                    <span>0 groups</span>
                  </a> <!-- navigator-link  -->
                </li>
                <li>
                  <a href="#" class="navigator-link " panel-name="times-InetbankingV1">
                    <span>Times</span>
                  </a> <!-- navigator-link  -->
                </li>
                <li>
                  <a href="#" class="navigator-link " panel-name="reporter-InetbankingV1">
                    <span>Reporter output</span>
                  </a> <!-- navigator-link  -->
                </li>
                <li>
                  <a href="#" class="navigator-link " panel-name="ignored-methods-InetbankingV1">
                    <span>Ignored methods</span>
                  </a> <!-- navigator-link  -->
                </li>
                <li>
                  <a href="#" class="navigator-link " panel-name="chronological-InetbankingV1">
                    <span>Chronological view</span>
                  </a> <!-- navigator-link  -->
                </li>
              </ul>
            </div> <!-- suite-section-content -->
            <div class="result-section">
              <div class="suite-section-title">
                <span>Results</span>
              </div> <!-- suite-section-title -->
              <div class="suite-section-content">
                <ul>
                  <li>
                    <span class="method-stats">3 methods, 2 failed,  1 skipped,  </span>
                  </li>
                  <li>
                    <span class="method-list-title failed">Failed methods</span>
                    <span class="show-or-hide-methods failed">
                      <a href="#" panel-name="suite-InetbankingV1" class="hide-methods failed suite-InetbankingV1"> (hide)</a> <!-- hide-methods failed suite-InetbankingV1 -->
                      <a href="#" panel-name="suite-InetbankingV1" class="show-methods failed suite-InetbankingV1"> (show)</a> <!-- show-methods failed suite-InetbankingV1 -->
                    </span>
                    <div class="method-list-content failed suite-InetbankingV1">
                      <span>
                        <img width="3%" src="failed.png"/>
                        <a href="#" class="method navigator-link" panel-name="suite-InetbankingV1" title="com.inetbanking.testcases.TC_AddCustomerTest_003" hash-for-method="addNewCustomer">addNewCustomer</a> <!-- method navigator-link -->
                      </span>
                      <br/>
                      <span>
                        <img width="3%" src="failed.png"/>
                        <a href="#" class="method navigator-link" panel-name="suite-InetbankingV1" title="com.inetbanking.testcases.TC_LoginTest_001" hash-for-method="loginTest">loginTest</a> <!-- method navigator-link -->
                      </span>
                      <br/>
                    </div> <!-- method-list-content failed suite-InetbankingV1 -->
                  </li>
                  <li>
                    <span class="method-list-title skipped">Skipped methods</span>
                    <span class="show-or-hide-methods skipped">
                      <a href="#" panel-name="suite-InetbankingV1" class="hide-methods skipped suite-InetbankingV1"> (hide)</a> <!-- hide-methods skipped suite-InetbankingV1 -->
                      <a href="#" panel-name="suite-InetbankingV1" class="show-methods skipped suite-InetbankingV1"> (show)</a> <!-- show-methods skipped suite-InetbankingV1 -->
                    </span>
                    <div class="method-list-content skipped suite-InetbankingV1">
                      <span>
                        <img width="3%" src="skipped.png"/>
                        <a href="#" class="method navigator-link" panel-name="suite-InetbankingV1" title="com.inetbanking.testcases.TC_LoginDDT_002" hash-for-method="loginDDT">loginDDT</a> <!-- method navigator-link -->
                      </span>
                      <br/>
                    </div> <!-- method-list-content skipped suite-InetbankingV1 -->
                  </li>
                </ul>
              </div> <!-- suite-section-content -->
            </div> <!-- result-section -->
          </div> <!-- navigator-suite-content -->
        </div> <!-- rounded-window -->
      </div> <!-- suite -->
    </div> <!-- navigator-root -->
    <div class="wrapper">
      <div class="main-panel-root">
        <div panel-name="suite-InetbankingV1" class="panel InetbankingV1">
          <div class="suite-InetbankingV1-class-failed">
            <div class="main-panel-header rounded-window-top">
              <img src="failed.png"/>
              <span class="class-name">com.inetbanking.testcases.TC_AddCustomerTest_003</span>
            </div> <!-- main-panel-header rounded-window-top -->
            <div class="main-panel-content rounded-window-bottom">
              <div class="method">
                <div class="method-content">
                  <a name="addNewCustomer">
                  </a> <!-- addNewCustomer -->
                  <span class="method-name">addNewCustomer</span>
                  <div class="stack-trace">org.openqa.selenium.NoSuchElementException: no such element: Unable to locate element: {&quot;method&quot;:&quot;xpath&quot;,&quot;selector&quot;:&quot;//tbody/tr[4]/td[2]/input[1]&quot;}
  (Session info: chrome=86.0.4240.111)
For documentation on this error, please visit: http://seleniumhq.org/exceptions/no_such_element.html
Build info: version: &apos;3.141.5&apos;, revision: &apos;d54ebd709a&apos;, time: &apos;2018-11-06T11:42:16&apos;
System info: host: &apos;DESKTOP-2FCFS77&apos;, ip: &apos;192.168.56.1&apos;, os.name: &apos;Windows 10&apos;, os.arch: &apos;amd64&apos;, os.version: &apos;10.0&apos;, java.version: &apos;1.8.0_221&apos;
Driver info: org.openqa.selenium.chrome.ChromeDriver
Capabilities {acceptInsecureCerts: false, browserName: chrome, browserVersion: 86.0.4240.111, chrome: {chromedriverVersion: 85.0.4183.87 (cd6713ebf92fa..., userDataDir: C:\Users\ASUS\AppData\Local...}, goog:chromeOptions: {debuggerAddress: localhost:51676}, javascriptEnabled: true, networkConnectionEnabled: false, pageLoadStrategy: normal, platform: WINDOWS, platformName: WINDOWS, proxy: Proxy(), setWindowRect: true, strictFileInteractability: false, timeouts: {implicit: 0, pageLoad: 300000, script: 30000}, unhandledPromptBehavior: dismiss and notify, webauthn:virtualAuthenticators: true}
Session ID: 962adc4bd599103e6f2f859561d5fc98
*** Element info: {Using=xpath, value=//tbody/tr[4]/td[2]/input[1]}
	at org.openqa.selenium.remote.http.W3CHttpResponseCodec.createException(W3CHttpResponseCodec.java:187)
	at org.openqa.selenium.remote.http.W3CHttpResponseCodec.decode(W3CHttpResponseCodec.java:122)
	at org.openqa.selenium.remote.http.W3CHttpResponseCodec.decode(W3CHttpResponseCodec.java:49)
	at org.openqa.selenium.remote.HttpCommandExecutor.execute(HttpCommandExecutor.java:158)
	at org.openqa.selenium.remote.service.DriverCommandExecutor.execute(DriverCommandExecutor.java:83)
	at org.openqa.selenium.remote.RemoteWebDriver.execute(RemoteWebDriver.java:552)
	at org.openqa.selenium.remote.RemoteWebDriver.findElement(RemoteWebDriver.java:323)
	at org.openqa.selenium.remote.RemoteWebDriver.findElementByXPath(RemoteWebDriver.java:428)
	at org.openqa.selenium.By$ByXPath.findElement(By.java:353)
	at org.openqa.selenium.remote.RemoteWebDriver.findElement(RemoteWebDriver.java:315)
	at org.openqa.selenium.support.pagefactory.DefaultElementLocator.findElement(DefaultElementLocator.java:69)
	at org.openqa.selenium.support.pagefactory.internal.LocatingElementHandler.invoke(LocatingElementHandler.java:38)
	at com.sun.proxy.$Proxy12.sendKeys(Unknown Source)
	at com.inetbanking.pageobjects.AddCustomerPage.custName(AddCustomerPage.java:72)
	at com.inetbanking.testcases.TC_AddCustomerTest_003.addNewCustomer(TC_AddCustomerTest_003.java:26)
... Removed 29 stack frames
</div> <!-- stack-trace -->
                </div> <!-- method-content -->
              </div> <!-- method -->
            </div> <!-- main-panel-content rounded-window-bottom -->
          </div> <!-- suite-InetbankingV1-class-failed -->
          <div class="suite-InetbankingV1-class-failed">
            <div class="main-panel-header rounded-window-top">
              <img src="failed.png"/>
              <span class="class-name">com.inetbanking.testcases.TC_LoginTest_001</span>
            </div> <!-- main-panel-header rounded-window-top -->
            <div class="main-panel-content rounded-window-bottom">
              <div class="method">
                <div class="method-content">
                  <a name="loginTest">
                  </a> <!-- loginTest -->
                  <span class="method-name">loginTest</span>
                  <div class="stack-trace">java.lang.AssertionError: expected [true] but found [false]
	at com.inetbanking.testcases.TC_LoginTest_001.loginTest(TC_LoginTest_001.java:29)
... Removed 29 stack frames
</div> <!-- stack-trace -->
                </div> <!-- method-content -->
              </div> <!-- method -->
            </div> <!-- main-panel-content rounded-window-bottom -->
          </div> <!-- suite-InetbankingV1-class-failed -->
          <div class="suite-InetbankingV1-class-skipped">
            <div class="main-panel-header rounded-window-top">
              <img src="skipped.png"/>
              <span class="class-name">com.inetbanking.testcases.TC_LoginDDT_002</span>
            </div> <!-- main-panel-header rounded-window-top -->
            <div class="main-panel-content rounded-window-bottom">
              <div class="method">
                <div class="method-content">
                  <a name="loginDDT">
                  </a> <!-- loginDDT -->
                  <span class="method-name">loginDDT</span>
                  <div class="stack-trace">java.lang.RuntimeException: org.apache.poi.openxml4j.exceptions.ODFNotOfficeXmlFileException: The supplied data appears to be in ODF (Open Document) Format. Formats like these (eg ODS, ODP) are not supported, try Apache ODFToolkit
Caused by: org.apache.poi.openxml4j.exceptions.ODFNotOfficeXmlFileException: The supplied data appears to be in ODF (Open Document) Format. Formats like these (eg ODS, ODP) are not supported, try Apache ODFToolkit
	at org.apache.poi.openxml4j.opc.ZipPackage.getPartsImpl(ZipPackage.java:281)
	at org.apache.poi.openxml4j.opc.OPCPackage.getParts(OPCPackage.java:756)
	at org.apache.poi.openxml4j.opc.OPCPackage.open(OPCPackage.java:327)
	at org.apache.poi.util.PackageHelper.open(PackageHelper.java:37)
	at org.apache.poi.xssf.usermodel.XSSFWorkbook.&lt;init&gt;(XSSFWorkbook.java:295)
	at com.inetbanking.utilities.XLUtils.getRowCount(XLUtils.java:25)
	at com.inetbanking.testcases.TC_LoginDDT_002.getData(TC_LoginDDT_002.java:51)
	... 22 more
... Removed 30 stack frames
</div> <!-- stack-trace -->
                </div> <!-- method-content -->
              </div> <!-- method -->
            </div> <!-- main-panel-content rounded-window-bottom -->
          </div> <!-- suite-InetbankingV1-class-skipped -->
        </div> <!-- panel InetbankingV1 -->
        <div panel-name="test-xml-InetbankingV1" class="panel">
          <div class="main-panel-header rounded-window-top">
            <span class="header-content">F:\PROJECTSTOUPLOADINGIT\.metadata\InetbankingV1\TestNG.xml</span>
          </div> <!-- main-panel-header rounded-window-top -->
          <div class="main-panel-content rounded-window-bottom">
            <pre>
&lt;?xml version=&quot;1.0&quot; encoding=&quot;UTF-8&quot;?&gt;
&lt;!DOCTYPE suite SYSTEM &quot;http://testng.org/testng-1.0.dtd&quot;&gt;
&lt;suite guice-stage=&quot;DEVELOPMENT&quot; name=&quot;InetbankingV1&quot;&gt;
  &lt;listeners&gt;
    &lt;listener class-name=&quot;com.inetbanking.utilities.Reporting&quot;/&gt;
  &lt;/listeners&gt;
  &lt;test thread-count=&quot;5&quot; name=&quot;banking app test&quot;&gt;
    &lt;parameter name=&quot;browser&quot; value=&quot;chrome&quot;/&gt;
    &lt;classes&gt;
      &lt;class name=&quot;com.inetbanking.testcases.TC_LoginTest_001&quot;/&gt;
      &lt;class name=&quot;com.inetbanking.testcases.TC_LoginDDT_002&quot;/&gt;
      &lt;class name=&quot;com.inetbanking.testcases.TC_AddCustomerTest_003&quot;/&gt;
    &lt;/classes&gt;
  &lt;/test&gt; &lt;!-- banking app test --&gt;
&lt;/suite&gt; &lt;!-- InetbankingV1 --&gt;
            </pre>
          </div> <!-- main-panel-content rounded-window-bottom -->
        </div> <!-- panel -->
        <div panel-name="testlist-InetbankingV1" class="panel">
          <div class="main-panel-header rounded-window-top">
            <span class="header-content">Tests for InetbankingV1</span>
          </div> <!-- main-panel-header rounded-window-top -->
          <div class="main-panel-content rounded-window-bottom">
            <ul>
              <li>
                <span class="test-name">banking app test (3 classes)</span>
              </li>
            </ul>
          </div> <!-- main-panel-content rounded-window-bottom -->
        </div> <!-- panel -->
        <div panel-name="group-InetbankingV1" class="panel">
          <div class="main-panel-header rounded-window-top">
            <span class="header-content">Groups for InetbankingV1</span>
          </div> <!-- main-panel-header rounded-window-top -->
          <div class="main-panel-content rounded-window-bottom">
          </div> <!-- main-panel-content rounded-window-bottom -->
        </div> <!-- panel -->
        <div panel-name="times-InetbankingV1" class="panel">
          <div class="main-panel-header rounded-window-top">
            <span class="header-content">Times for InetbankingV1</span>
          </div> <!-- main-panel-header rounded-window-top -->
          <div class="main-panel-content rounded-window-bottom">
            <div class="times-div">
              <script type="text/javascript">
suiteTableInitFunctions.push('tableData_InetbankingV1');
function tableData_InetbankingV1() {
var data = new google.visualization.DataTable();
data.addColumn('number', 'Number');
data.addColumn('string', 'Method');
data.addColumn('string', 'Class');
data.addColumn('number', 'Time (ms)');
data.addRows(3);
data.setCell(0, 0, 0)
data.setCell(0, 1, 'addNewCustomer')
data.setCell(0, 2, 'com.inetbanking.testcases.TC_AddCustomerTest_003')
data.setCell(0, 3, 16280);
data.setCell(1, 0, 1)
data.setCell(1, 1, 'loginTest')
data.setCell(1, 2, 'com.inetbanking.testcases.TC_LoginTest_001')
data.setCell(1, 3, 9060);
data.setCell(2, 0, 2)
data.setCell(2, 1, 'loginDDT')
data.setCell(2, 2, 'com.inetbanking.testcases.TC_LoginDDT_002')
data.setCell(2, 3, 0);
window.suiteTableData['InetbankingV1']= { tableData: data, tableDiv: 'times-div-InetbankingV1'}
return data;
}
              </script>
              <span class="suite-total-time">Total running time: 25 seconds</span>
              <div id="times-div-InetbankingV1">
              </div> <!-- times-div-InetbankingV1 -->
            </div> <!-- times-div -->
          </div> <!-- main-panel-content rounded-window-bottom -->
        </div> <!-- panel -->
        <div panel-name="reporter-InetbankingV1" class="panel">
          <div class="main-panel-header rounded-window-top">
            <span class="header-content">Reporter output for InetbankingV1</span>
          </div> <!-- main-panel-header rounded-window-top -->
          <div class="main-panel-content rounded-window-bottom">
          </div> <!-- main-panel-content rounded-window-bottom -->
        </div> <!-- panel -->
        <div panel-name="ignored-methods-InetbankingV1" class="panel">
          <div class="main-panel-header rounded-window-top">
            <span class="header-content">0 ignored methods</span>
          </div> <!-- main-panel-header rounded-window-top -->
          <div class="main-panel-content rounded-window-bottom">
          </div> <!-- main-panel-content rounded-window-bottom -->
        </div> <!-- panel -->
        <div panel-name="chronological-InetbankingV1" class="panel">
          <div class="main-panel-header rounded-window-top">
            <span class="header-content">Methods in chronological order</span>
          </div> <!-- main-panel-header rounded-window-top -->
          <div class="main-panel-content rounded-window-bottom">
            <div class="chronological-class">
              <div class="chronological-class-name">com.inetbanking.testcases.TC_LoginTest_001</div> <!-- chronological-class-name -->
              <div class="configuration-class before">
                <span class="method-name">setUp(chrome)</span>
                <span class="method-start">0 ms</span>
              </div> <!-- configuration-class before -->
              <div class="test-method">
                <img src="failed.png">
                </img>
                <span class="method-name">loginTest</span>
                <span class="method-start">5259 ms</span>
              </div> <!-- test-method -->
              <div class="configuration-class after">
                <span class="method-name">tearDown</span>
                <span class="method-start">14336 ms</span>
              </div> <!-- configuration-class after -->
            </div> <!-- chronological-class -->
            <div class="chronological-class">
              <div class="chronological-class-name">com.inetbanking.testcases.TC_LoginDDT_002</div> <!-- chronological-class-name -->
              <div class="configuration-class before">
                <span class="method-name">setUp(chrome)</span>
                <span class="method-start">15054 ms</span>
              </div> <!-- configuration-class before -->
              <div class="configuration-class after">
                <span class="method-name">tearDown</span>
                <span class="method-start">19806 ms</span>
              </div> <!-- configuration-class after -->
            </div> <!-- chronological-class -->
            <div class="chronological-class">
              <div class="chronological-class-name">com.inetbanking.testcases.TC_AddCustomerTest_003</div> <!-- chronological-class-name -->
              <div class="configuration-class before">
                <span class="method-name">setUp(chrome)</span>
                <span class="method-start">20523 ms</span>
              </div> <!-- configuration-class before -->
              <div class="test-method">
                <img src="failed.png">
                </img>
                <span class="method-name">addNewCustomer</span>
                <span class="method-start">31937 ms</span>
              </div> <!-- test-method -->
              <div class="configuration-class after">
                <span class="method-name">tearDown</span>
                <span class="method-start">48219 ms</span>
              </div> <!-- configuration-class after -->
          </div> <!-- main-panel-content rounded-window-bottom -->
        </div> <!-- panel -->
      </div> <!-- main-panel-root -->
    </div> <!-- wrapper -->
  </body>
</html>
